# JRE version: 7.0_17-b02
# Java VM: Java HotSpot(TM) 64-Bit Server VM (23.7-b01 mixed mode bsd-amd64 compressed oops)
Heap
 def new generation   total 1984K, used 475K [0x000000010c7b0000, 0x000000010c9d0000, 0x000000010f1b0000)
  eden space 1792K,  15% used [0x000000010c7b0000, 0x000000010c7f6f78, 0x000000010c970000)
  from space 192K, 100% used [0x000000010c970000, 0x000000010c9a0000, 0x000000010c9a0000)
  to   space 192K,   0% used [0x000000010c9a0000, 0x000000010c9a0000, 0x000000010c9d0000)
 tenured generation   total 4480K, used 1336K [0x000000010f1b0000, 0x000000010f610000, 0x00000001145b0000)
   the space 4480K,  29% used [0x000000010f1b0000, 0x000000010f2fe208, 0x000000010f2fe400, 0x000000010f610000)
 compacting perm gen  total 21248K, used 5848K [0x00000001145b0000, 0x0000000115a70000, 0x00000001197b0000)
   the space 21248K,  27% used [0x00000001145b0000, 0x0000000114b661c8, 0x0000000114b66200, 0x0000000115a70000)
GC Heap History (8 events):
Event: 0.126 GC heap before
{Heap before GC invocations=0 (full 0):
 def new generation   total 1984K, used 1786K [0x000000010c7b0000, 0x000000010c9d0000, 0x000000010f1b0000)
  eden space 1792K,  99% used [0x000000010c7b0000, 0x000000010c96e888, 0x000000010c970000)
  from space 192K,   0% used [0x000000010c970000, 0x000000010c970000, 0x000000010c9a0000)
  to   space 192K,   0% used [0x000000010c9a0000, 0x000000010c9a0000, 0x000000010c9d0000)
 tenured generation   total 4480K, used 0K [0x000000010f1b0000, 0x000000010f610000, 0x00000001145b0000)
   the space 4480K,   0% used [0x000000010f1b0000, 0x000000010f1b0000, 0x000000010f1b0200, 0x000000010f610000)
 compacting perm gen  total 21248K, used 3015K [0x00000001145b0000, 0x0000000115a70000, 0x00000001197b0000)
   the space 21248K,  14% used [0x00000001145b0000, 0x00000001148a1df0, 0x00000001148a1e00, 0x0000000115a70000)
No shared spaces configured.
Event: 0.129 GC heap after
Heap after GC invocations=1 (full 0):
 def new generation   total 1984K, used 191K [0x000000010c7b0000, 0x000000010c9d0000, 0x000000010f1b0000)
  eden space 1792K,   0% used [0x000000010c7b0000, 0x000000010c7b0000, 0x000000010c970000)
  from space 192K,  99% used [0x000000010c9a0000, 0x000000010c9cfff8, 0x000000010c9d0000)
  to   space 192K,   0% used [0x000000010c970000, 0x000000010c970000, 0x000000010c9a0000)
 tenured generation   total 4480K, used 315K [0x000000010f1b0000, 0x000000010f610000, 0x00000001145b0000)
   the space 4480K,   7% used [0x000000010f1b0000, 0x000000010f1fef48, 0x000000010f1ff000, 0x000000010f610000)
 compacting perm gen  total 21248K, used 3015K [0x00000001145b0000, 0x0000000115a70000, 0x00000001197b0000)
   the space 21248K,  14% used [0x00000001145b0000, 0x00000001148a1df0, 0x00000001148a1e00, 0x0000000115a70000)
No shared spaces configured.
}
Event: 0.326 GC heap before
{Heap before GC invocations=1 (full 0):
 def new generation   total 1984K, used 1983K [0x000000010c7b0000, 0x000000010c9d0000, 0x000000010f1b0000)
  eden space 1792K, 100% used [0x000000010c7b0000, 0x000000010c970000, 0x000000010c970000)
  from space 192K,  99% used [0x000000010c9a0000, 0x000000010c9cfff8, 0x000000010c9d0000)
  to   space 192K,   0% used [0x000000010c970000, 0x000000010c970000, 0x000000010c9a0000)
 tenured generation   total 4480K, used 315K [0x000000010f1b0000, 0x000000010f610000, 0x00000001145b0000)
   the space 4480K,   7% used [0x000000010f1b0000, 0x000000010f1fef48, 0x000000010f1ff000, 0x000000010f610000)
 compacting perm gen  total 21248K, used 4258K [0x00000001145b0000, 0x0000000115a70000, 0x00000001197b0000)
   the space 21248K,  20% used [0x00000001145b0000, 0x00000001149d8a88, 0x00000001149d8c00, 0x0000000115a70000)
No shared spaces configured.
Event: 0.329 GC heap after
Heap after GC invocations=2 (full 0):
 def new generation   total 1984K, used 192K [0x000000010c7b0000, 0x000000010c9d0000, 0x000000010f1b0000)
  eden space 1792K,   0% used [0x000000010c7b0000, 0x000000010c7b0000, 0x000000010c970000)
  from space 192K, 100% used [0x000000010c970000, 0x000000010c9a0000, 0x000000010c9a0000)
  to   space 192K,   0% used [0x000000010c9a0000, 0x000000010c9a0000, 0x000000010c9d0000)
 tenured generation   total 4480K, used 693K [0x000000010f1b0000, 0x000000010f610000, 0x00000001145b0000)
   the space 4480K,  15% used [0x000000010f1b0000, 0x000000010f25d418, 0x000000010f25d600, 0x000000010f610000)
 compacting perm gen  total 21248K, used 4258K [0x00000001145b0000, 0x0000000115a70000, 0x00000001197b0000)
   the space 21248K,  20% used [0x00000001145b0000, 0x00000001149d8a88, 0x00000001149d8c00, 0x0000000115a70000)
No shared spaces configured.
}
Event: 0.420 GC heap before
{Heap before GC invocations=2 (full 0):
 def new generation   total 1984K, used 1984K [0x000000010c7b0000, 0x000000010c9d0000, 0x000000010f1b0000)
  eden space 1792K, 100% used [0x000000010c7b0000, 0x000000010c970000, 0x000000010c970000)
  from space 192K, 100% used [0x000000010c970000, 0x000000010c9a0000, 0x000000010c9a0000)
  to   space 192K,   0% used [0x000000010c9a0000, 0x000000010c9a0000, 0x000000010c9d0000)
 tenured generation   total 4480K, used 693K [0x000000010f1b0000, 0x000000010f610000, 0x00000001145b0000)
   the space 4480K,  15% used [0x000000010f1b0000, 0x000000010f25d418, 0x000000010f25d600, 0x000000010f610000)
 compacting perm gen  total 21248K, used 5049K [0x00000001145b0000, 0x0000000115a70000, 0x00000001197b0000)
   the space 21248K,  23% used [0x00000001145b0000, 0x0000000114a9e5e8, 0x0000000114a9e600, 0x0000000115a70000)
No shared spaces configured.
Event: 0.423 GC heap after
Heap after GC invocations=3 (full 0):
 def new generation   total 1984K, used 191K [0x000000010c7b0000, 0x000000010c9d0000, 0x000000010f1b0000)
  eden space 1792K,   0% used [0x000000010c7b0000, 0x000000010c7b0000, 0x000000010c970000)
  from space 192K,  99% used [0x000000010c9a0000, 0x000000010c9cfff8, 0x000000010c9d0000)
  to   space 192K,   0% used [0x000000010c970000, 0x000000010c970000, 0x000000010c9a0000)
 tenured generation   total 4480K, used 1006K [0x000000010f1b0000, 0x000000010f610000, 0x00000001145b0000)
   the space 4480K,  22% used [0x000000010f1b0000, 0x000000010f2abbd0, 0x000000010f2abc00, 0x000000010f610000)
 compacting perm gen  total 21248K, used 5049K [0x00000001145b0000, 0x0000000115a70000, 0x00000001197b0000)
   the space 21248K,  23% used [0x00000001145b0000, 0x0000000114a9e5e8, 0x0000000114a9e600, 0x0000000115a70000)
No shared spaces configured.
}
Event: 0.551 GC heap before
{Heap before GC invocations=3 (full 0):
 def new generation   total 1984K, used 1983K [0x000000010c7b0000, 0x000000010c9d0000, 0x000000010f1b0000)
  eden space 1792K, 100% used [0x000000010c7b0000, 0x000000010c970000, 0x000000010c970000)
  from space 192K,  99% used [0x000000010c9a0000, 0x000000010c9cfff8, 0x000000010c9d0000)
  to   space 192K,   0% used [0x000000010c970000, 0x000000010c970000, 0x000000010c9a0000)
 tenured generation   total 4480K, used 1006K [0x000000010f1b0000, 0x000000010f610000, 0x00000001145b0000)
   the space 4480K,  22% used [0x000000010f1b0000, 0x000000010f2abbd0, 0x000000010f2abc00, 0x000000010f610000)
 compacting perm gen  total 21248K, used 5789K [0x00000001145b0000, 0x0000000115a70000, 0x00000001197b0000)
   the space 21248K,  27% used [0x00000001145b0000, 0x0000000114b57768, 0x0000000114b57800, 0x0000000115a70000)
No shared spaces configured.
Event: 0.554 GC heap after
Heap after GC invocations=4 (full 0):
 def new generation   total 1984K, used 192K [0x000000010c7b0000, 0x000000010c9d0000, 0x000000010f1b0000)
  eden space 1792K,   0% used [0x000000010c7b0000, 0x000000010c7b0000, 0x000000010c970000)
  from space 192K, 100% used [0x000000010c970000, 0x000000010c9a0000, 0x000000010c9a0000)
  to   space 192K,   0% used [0x000000010c9a0000, 0x000000010c9a0000, 0x000000010c9d0000)
 tenured generation   total 4480K, used 1336K [0x000000010f1b0000, 0x000000010f610000, 0x00000001145b0000)
   the space 4480K,  29% used [0x000000010f1b0000, 0x000000010f2fe208, 0x000000010f2fe400, 0x000000010f610000)
 compacting perm gen  total 21248K, used 5789K [0x00000001145b0000, 0x0000000115a70000, 0x00000001197b0000)
   the space 21248K,  27% used [0x00000001145b0000, 0x0000000114b57768, 0x0000000114b57800, 0x0000000115a70000)
No shared spaces configured.
}

